[2020-08-30 09:46:57.951] [renderer1] [error] <semantic> TypeScript Server Error (3.9.7)
Debug Failure. False expression: Changes overlap
Verbose Debug Information: {"pos":73,"end":86} and {"pos":73,"end":86}
Error: Debug Failure. False expression: Changes overlap
Verbose Debug Information: {"pos":73,"end":86} and {"pos":73,"end":86}
    at _loop_10 (/usr/share/code/resources/app/extensions/node_modules/typescript/lib/tsserver.js:126809:34)
    at /usr/share/code/resources/app/extensions/node_modules/typescript/lib/tsserver.js:126815:25
    at Object.mapDefined (/usr/share/code/resources/app/extensions/node_modules/typescript/lib/tsserver.js:562:30)
    at Object.getTextChangesFromChanges (/usr/share/code/resources/app/extensions/node_modules/typescript/lib/tsserver.js:126803:27)
    at ChangeTracker.getChanges (/usr/share/code/resources/app/extensions/node_modules/typescript/lib/tsserver.js:126771:45)
    at Function.ChangeTracker.with (/usr/share/code/resources/app/extensions/node_modules/typescript/lib/tsserver.js:126224:32)
    at Object.getCodeActions (/usr/share/code/resources/app/extensions/node_modules/typescript/lib/tsserver.js:128893:64)
    at /usr/share/code/resources/app/extensions/node_modules/typescript/lib/tsserver.js:127394:77
    at Object.flatMap (/usr/share/code/resources/app/extensions/node_modules/typescript/lib/tsserver.js:465:25)
    at Object.getFixes (/usr/share/code/resources/app/extensions/node_modules/typescript/lib/tsserver.js:127394:23)
    at /usr/share/code/resources/app/extensions/node_modules/typescript/lib/tsserver.js:139206:35
    at Object.flatMap (/usr/share/code/resources/app/extensions/node_modules/typescript/lib/tsserver.js:465:25)
    at Proxy.getCodeFixesAtPosition (/usr/share/code/resources/app/extensions/node_modules/typescript/lib/tsserver.js:139204:23)
    at IOSession.Session.getCodeFixes (/usr/share/code/resources/app/extensions/node_modules/typescript/lib/tsserver.js:149305:64)
    at Session.handlers.ts.createMapFromTemplate._a.<computed> (/usr/share/code/resources/app/extensions/node_modules/typescript/lib/tsserver.js:148042:61)
    at /usr/share/code/resources/app/extensions/node_modules/typescript/lib/tsserver.js:149555:88
    at IOSession.Session.executeWithRequestId (/usr/share/code/resources/app/extensions/node_modules/typescript/lib/tsserver.js:149546:28)
    at IOSession.Session.executeCommand (/usr/share/code/resources/app/extensions/node_modules/typescript/lib/tsserver.js:149555:33)
    at IOSession.Session.onMessage (/usr/share/code/resources/app/extensions/node_modules/typescript/lib/tsserver.js:149579:35)
    at Interface.<anonymous> (/usr/share/code/resources/app/extensions/node_modules/typescript/lib/tsserver.js:150895:27)
    at Interface.emit (events.js:203:13)
    at Interface._onLine (readline.js:316:10)
    at Interface._normalWrite (readline.js:461:12)
    at Socket.ondata (readline.js:172:10)
    at Socket.emit (events.js:203:13)
    at addChunk (_stream_readable.js:295:12)
    at readableAddChunk (_stream_readable.js:276:11)
    at Socket.Readable.push (_stream_readable.js:210:10)
    at Pipe.onStreamRead (internal/stream_base_commons.js:166:17): Error: <semantic> TypeScript Server Error (3.9.7)
Debug Failure. False expression: Changes overlap
Verbose Debug Information: {"pos":73,"end":86} and {"pos":73,"end":86}
Error: Debug Failure. False expression: Changes overlap
Verbose Debug Information: {"pos":73,"end":86} and {"pos":73,"end":86}
    at _loop_10 (/usr/share/code/resources/app/extensions/node_modules/typescript/lib/tsserver.js:126809:34)
    at /usr/share/code/resources/app/extensions/node_modules/typescript/lib/tsserver.js:126815:25
    at Object.mapDefined (/usr/share/code/resources/app/extensions/node_modules/typescript/lib/tsserver.js:562:30)
    at Object.getTextChangesFromChanges (/usr/share/code/resources/app/extensions/node_modules/typescript/lib/tsserver.js:126803:27)
    at ChangeTracker.getChanges (/usr/share/code/resources/app/extensions/node_modules/typescript/lib/tsserver.js:126771:45)
    at Function.ChangeTracker.with (/usr/share/code/resources/app/extensions/node_modules/typescript/lib/tsserver.js:126224:32)
    at Object.getCodeActions (/usr/share/code/resources/app/extensions/node_modules/typescript/lib/tsserver.js:128893:64)
    at /usr/share/code/resources/app/extensions/node_modules/typescript/lib/tsserver.js:127394:77
    at Object.flatMap (/usr/share/code/resources/app/extensions/node_modules/typescript/lib/tsserver.js:465:25)
    at Object.getFixes (/usr/share/code/resources/app/extensions/node_modules/typescript/lib/tsserver.js:127394:23)
    at /usr/share/code/resources/app/extensions/node_modules/typescript/lib/tsserver.js:139206:35
    at Object.flatMap (/usr/share/code/resources/app/extensions/node_modules/typescript/lib/tsserver.js:465:25)
    at Proxy.getCodeFixesAtPosition (/usr/share/code/resources/app/extensions/node_modules/typescript/lib/tsserver.js:139204:23)
    at IOSession.Session.getCodeFixes (/usr/share/code/resources/app/extensions/node_modules/typescript/lib/tsserver.js:149305:64)
    at Session.handlers.ts.createMapFromTemplate._a.<computed> (/usr/share/code/resources/app/extensions/node_modules/typescript/lib/tsserver.js:148042:61)
    at /usr/share/code/resources/app/extensions/node_modules/typescript/lib/tsserver.js:149555:88
    at IOSession.Session.executeWithRequestId (/usr/share/code/resources/app/extensions/node_modules/typescript/lib/tsserver.js:149546:28)
    at IOSession.Session.executeCommand (/usr/share/code/resources/app/extensions/node_modules/typescript/lib/tsserver.js:149555:33)
    at IOSession.Session.onMessage (/usr/share/code/resources/app/extensions/node_modules/typescript/lib/tsserver.js:149579:35)
    at Interface.<anonymous> (/usr/share/code/resources/app/extensions/node_modules/typescript/lib/tsserver.js:150895:27)
    at Interface.emit (events.js:203:13)
    at Interface._onLine (readline.js:316:10)
    at Interface._normalWrite (readline.js:461:12)
    at Socket.ondata (readline.js:172:10)
    at Socket.emit (events.js:203:13)
    at addChunk (_stream_readable.js:295:12)
    at readableAddChunk (_stream_readable.js:276:11)
    at Socket.Readable.push (_stream_readable.js:210:10)
    at Pipe.onStreamRead (internal/stream_base_commons.js:166:17)
	at Function.create (/usr/share/code/resources/app/extensions/typescript-language-features/dist/extension.js:1:75328)
	at h.dispatchResponse (/usr/share/code/resources/app/extensions/typescript-language-features/dist/extension.js:1:69203)
	at h.dispatchMessage (/usr/share/code/resources/app/extensions/typescript-language-features/dist/extension.js:1:68123)
	at /usr/share/code/resources/app/extensions/typescript-language-features/dist/extension.js:1:67652
	at l.fire (/usr/share/code/resources/app/out/vs/workbench/services/extensions/node/extensionHostProcess.js:46:222)
	at g.onLengthData (/usr/share/code/resources/app/extensions/typescript-language-features/dist/extension.js:45:60018)
	at Socket.<anonymous> (/usr/share/code/resources/app/extensions/typescript-language-features/dist/extension.js:45:59666)
	at Socket.emit (events.js:203:13)
	at addChunk (_stream_readable.js:295:12)
	at readableAddChunk (_stream_readable.js:276:11)
	at Socket.Readable.push (_stream_readable.js:210:10)
	at Pipe.onStreamRead (internal/stream_base_commons.js:166:17)
[2020-08-30 12:08:13.955] [renderer1] [error] Cannot read property 'markers' of undefined: TypeError: Cannot read property 'markers' of undefined
    at H.setTreeSelection (file:///usr/share/code/resources/app/out/vs/workbench/workbench.desktop.main.js:7232:970)
    at H.refreshPanel (file:///usr/share/code/resources/app/out/vs/workbench/workbench.desktop.main.js:7232:811)
    at H.onDidChangeModel (file:///usr/share/code/resources/app/out/vs/workbench/workbench.desktop.main.js:7238:411)
    at file:///usr/share/code/resources/app/out/vs/workbench/workbench.desktop.main.js:7237:690
    at file:///usr/share/code/resources/app/out/vs/workbench/workbench.desktop.main.js:92:235
    at c.fire (file:///usr/share/code/resources/app/out/vs/workbench/workbench.desktop.main.js:95:801)
    at t.MarkersModel.setResourceMarkers (file:///usr/share/code/resources/app/out/vs/workbench/workbench.desktop.main.js:3244:741)
    at p.onMarkerChanged (file:///usr/share/code/resources/app/out/vs/workbench/workbench.desktop.main.js:3548:112)
    at file:///usr/share/code/resources/app/out/vs/workbench/workbench.desktop.main.js:3548:40
    at c.fire (file:///usr/share/code/resources/app/out/vs/workbench/workbench.desktop.main.js:95:801)
    at file:///usr/share/code/resources/app/out/vs/workbench/workbench.desktop.main.js:91:915
[2020-08-30 12:31:50.494] [renderer1] [error] Cannot read property 'markers' of undefined: TypeError: Cannot read property 'markers' of undefined
    at H.setTreeSelection (file:///usr/share/code/resources/app/out/vs/workbench/workbench.desktop.main.js:7232:970)
    at H.refreshPanel (file:///usr/share/code/resources/app/out/vs/workbench/workbench.desktop.main.js:7232:811)
    at H.onDidChangeModel (file:///usr/share/code/resources/app/out/vs/workbench/workbench.desktop.main.js:7238:411)
    at file:///usr/share/code/resources/app/out/vs/workbench/workbench.desktop.main.js:7237:690
    at file:///usr/share/code/resources/app/out/vs/workbench/workbench.desktop.main.js:92:235
    at c.fire (file:///usr/share/code/resources/app/out/vs/workbench/workbench.desktop.main.js:95:801)
    at t.MarkersModel.setResourceMarkers (file:///usr/share/code/resources/app/out/vs/workbench/workbench.desktop.main.js:3244:741)
    at p.onMarkerChanged (file:///usr/share/code/resources/app/out/vs/workbench/workbench.desktop.main.js:3548:112)
    at file:///usr/share/code/resources/app/out/vs/workbench/workbench.desktop.main.js:3548:40
    at c.fire (file:///usr/share/code/resources/app/out/vs/workbench/workbench.desktop.main.js:95:801)
    at file:///usr/share/code/resources/app/out/vs/workbench/workbench.desktop.main.js:91:915
