[2020-08-30 09:34:02.794] [sharedprocess] [info] main {"machineId":"acc8b1adf3747c07d5316804f66176a157f08fe621f4bf60883e65ef67266f16","windowId":2}
[2020-08-30 09:34:42.865] [sharedprocess] [info] Starting to clean up unused language packs.
[2020-08-30 12:26:09.453] [sharedprocess] [info] Installing extension: eg2.vscode-npm-script
[2020-08-30 12:26:09.838] [sharedprocess] [info] Downloaded extension: eg2.vscode-npm-script /home/nico/Documents/Web/Synology-Dragon/youchat/~/.vscode-root/CachedExtensionVSIXs/eg2.vscode-npm-script-0.3.13
[2020-08-30 12:26:09.918] [sharedprocess] [info] Extracted extension to /root/.vscode/extensions/.eg2.vscode-npm-script-0.3.13: eg2.vscode-npm-script
[2020-08-30 12:26:09.918] [sharedprocess] [info] Renamed to /root/.vscode/extensions/eg2.vscode-npm-script-0.3.13
[2020-08-30 12:26:09.918] [sharedprocess] [info] Installation completed. eg2.vscode-npm-script
[2020-08-30 12:26:09.922] [sharedprocess] [info] Extensions installed successfully: eg2.vscode-npm-script
[2020-08-30 12:26:10.561] [sharedprocess] [info] Installing extension: fknop.vscode-npm
[2020-08-30 12:26:10.878] [sharedprocess] [info] Downloaded extension: fknop.vscode-npm /home/nico/Documents/Web/Synology-Dragon/youchat/~/.vscode-root/CachedExtensionVSIXs/fknop.vscode-npm-3.3.0
[2020-08-30 12:26:11.187] [sharedprocess] [info] Extracted extension to /root/.vscode/extensions/.fknop.vscode-npm-3.3.0: fknop.vscode-npm
[2020-08-30 12:26:11.187] [sharedprocess] [info] Renamed to /root/.vscode/extensions/fknop.vscode-npm-3.3.0
[2020-08-30 12:26:11.189] [sharedprocess] [info] Installation completed. fknop.vscode-npm
[2020-08-30 12:26:11.198] [sharedprocess] [info] Extensions installed successfully: fknop.vscode-npm
[2020-08-30 12:26:15.003] [sharedprocess] [info] Installing extension: christian-kohler.npm-intellisense
[2020-08-30 12:26:15.397] [sharedprocess] [info] Downloaded extension: christian-kohler.npm-intellisense /home/nico/Documents/Web/Synology-Dragon/youchat/~/.vscode-root/CachedExtensionVSIXs/christian-kohler.npm-intellisense-1.3.0
[2020-08-30 12:26:15.503] [sharedprocess] [info] Extracted extension to /root/.vscode/extensions/.christian-kohler.npm-intellisense-1.3.0: christian-kohler.npm-intellisense
[2020-08-30 12:26:15.503] [sharedprocess] [info] Renamed to /root/.vscode/extensions/christian-kohler.npm-intellisense-1.3.0
[2020-08-30 12:26:15.504] [sharedprocess] [info] Installation completed. christian-kohler.npm-intellisense
[2020-08-30 12:26:15.508] [sharedprocess] [info] Extensions installed successfully: christian-kohler.npm-intellisense
